[2024-04-30 00:33:46 +0300] [9607] [INFO] Starting gunicorn 22.0.0
[2024-04-30 00:33:46 +0300] [9607] [INFO] Listening at: http://0.0.0.0:8000 (9607)
[2024-04-30 00:33:46 +0300] [9607] [INFO] Using worker: sync
[2024-04-30 00:33:46 +0300] [9610] [INFO] Booting worker with pid: 9610
[2024-04-30 00:33:46 +0300] [9611] [INFO] Booting worker with pid: 9611
[2024-04-30 00:33:46 +0300] [9612] [INFO] Booting worker with pid: 9612
[2024-04-30 00:33:46 +0300] [9613] [INFO] Booting worker with pid: 9613
[2024-04-30 00:33:46 +0300] [9614] [INFO] Booting worker with pid: 9614
[2024-04-30 00:34:15 +0300] [9607] [INFO] Handling signal: int
[2024-04-30 00:34:15 +0300] [9611] [INFO] Worker exiting (pid: 9611)
[2024-04-30 00:34:15 +0300] [9613] [INFO] Worker exiting (pid: 9613)
[2024-04-30 00:34:15 +0300] [9614] [INFO] Worker exiting (pid: 9614)
[2024-04-30 00:34:15 +0300] [9612] [INFO] Worker exiting (pid: 9612)
[2024-04-30 00:34:15 +0300] [9610] [INFO] Worker exiting (pid: 9610)
[2024-04-30 00:34:15 +0300] [9607] [INFO] Shutting down: Master
[2024-04-30 00:34:17 +0300] [9634] [INFO] Starting gunicorn 22.0.0
[2024-04-30 00:34:17 +0300] [9634] [INFO] Listening at: http://0.0.0.0:8000 (9634)
[2024-04-30 00:34:17 +0300] [9634] [INFO] Using worker: sync
[2024-04-30 00:34:17 +0300] [9637] [INFO] Booting worker with pid: 9637
[2024-04-30 00:34:17 +0300] [9638] [INFO] Booting worker with pid: 9638
[2024-04-30 00:34:17 +0300] [9639] [INFO] Booting worker with pid: 9639
[2024-04-30 00:34:17 +0300] [9640] [INFO] Booting worker with pid: 9640
[2024-04-30 00:34:17 +0300] [9641] [INFO] Booting worker with pid: 9641
[2024-04-30 00:35:16 +0300] [9634] [INFO] Handling signal: int
[2024-04-30 00:35:16 +0300] [9638] [INFO] Worker exiting (pid: 9638)
[2024-04-30 00:35:16 +0300] [9639] [INFO] Worker exiting (pid: 9639)
[2024-04-30 00:35:16 +0300] [9640] [INFO] Worker exiting (pid: 9640)
[2024-04-30 00:35:16 +0300] [9637] [INFO] Worker exiting (pid: 9637)
[2024-04-30 00:35:16 +0300] [9641] [INFO] Worker exiting (pid: 9641)
[2024-04-30 00:35:16 +0300] [9634] [INFO] Shutting down: Master
[2024-04-30 00:35:48 +0300] [9820] [INFO] Starting gunicorn 22.0.0
[2024-04-30 00:35:48 +0300] [9820] [INFO] Listening at: http://0.0.0.0:8000 (9820)
[2024-04-30 00:35:48 +0300] [9820] [INFO] Using worker: sync
[2024-04-30 00:35:48 +0300] [9823] [INFO] Booting worker with pid: 9823
[2024-04-30 00:35:48 +0300] [9824] [INFO] Booting worker with pid: 9824
[2024-04-30 00:35:48 +0300] [9825] [INFO] Booting worker with pid: 9825
[2024-04-30 00:35:48 +0300] [9826] [INFO] Booting worker with pid: 9826
[2024-04-30 00:35:48 +0300] [9827] [INFO] Booting worker with pid: 9827
[2024-04-30 00:35:52 +0300] [9820] [INFO] Handling signal: int
[2024-04-30 00:35:52 +0300] [9825] [INFO] Worker exiting (pid: 9825)
[2024-04-30 00:35:52 +0300] [9826] [INFO] Worker exiting (pid: 9826)
[2024-04-30 00:35:52 +0300] [9827] [INFO] Worker exiting (pid: 9827)
[2024-04-30 00:35:52 +0300] [9823] [INFO] Worker exiting (pid: 9823)
[2024-04-30 00:35:52 +0300] [9824] [INFO] Worker exiting (pid: 9824)
[2024-04-30 00:35:52 +0300] [9820] [INFO] Shutting down: Master
[2024-04-30 00:36:37 +0300] [9959] [INFO] Starting gunicorn 22.0.0
[2024-04-30 00:36:37 +0300] [9959] [INFO] Listening at: http://0.0.0.0:8000 (9959)
[2024-04-30 00:36:37 +0300] [9959] [INFO] Using worker: sync
[2024-04-30 00:36:37 +0300] [9964] [INFO] Booting worker with pid: 9964
[2024-04-30 00:36:37 +0300] [9965] [INFO] Booting worker with pid: 9965
[2024-04-30 00:36:37 +0300] [9966] [INFO] Booting worker with pid: 9966
[2024-04-30 00:36:37 +0300] [9967] [INFO] Booting worker with pid: 9967
[2024-04-30 00:36:37 +0300] [9968] [INFO] Booting worker with pid: 9968
[2024-04-30 00:38:58 +0300] [9959] [INFO] Handling signal: int
[2024-04-30 00:38:58 +0300] [9965] [INFO] Worker exiting (pid: 9965)
[2024-04-30 00:38:58 +0300] [9967] [INFO] Worker exiting (pid: 9967)
[2024-04-30 00:38:58 +0300] [9966] [INFO] Worker exiting (pid: 9966)
[2024-04-30 00:38:58 +0300] [9964] [INFO] Worker exiting (pid: 9964)
[2024-04-30 00:38:58 +0300] [9968] [INFO] Worker exiting (pid: 9968)
[2024-04-30 00:38:58 +0300] [9959] [INFO] Shutting down: Master
